[2025-12-09T11:00:11.277Z] STEP 1: Launching Myntra
[2025-12-09T11:00:15.266Z] STEP 2: Searching Sports Shoes
[2025-12-09T11:00:16.583Z] STEP 3: Applying Puma filter
[2025-12-09T11:00:20.977Z] STEP 4: Selecting first product
[2025-12-09T11:00:22.581Z] STEP 5: Checking tab behavior
[2025-12-09T11:00:25.594Z] Product opened in NEW TAB
[2025-12-09T11:00:26.705Z] STEP 6: Selecting size
[2025-12-09T11:00:28.112Z] STEP 7: Adding product to Bag
[2025-12-09T11:00:29.712Z] STEP 8: Opening Bag
[2025-12-09T11:00:30.794Z] STEP 9: Validating product in Bag
[2025-12-09T11:01:26.226Z] STEP 1: Launching Myntra
[2025-12-09T11:01:29.608Z] STEP 2: Searching Sports Shoes
[2025-12-09T11:01:31.748Z] STEP 3: Applying Puma filter
[2025-12-09T11:01:36.025Z] STEP 4: Selecting first product
[2025-12-09T11:01:37.173Z] STEP 5: Checking tab behavior
[2025-12-09T11:01:40.183Z] Product opened in NEW TAB
[2025-12-09T11:01:41.168Z] STEP 6: Selecting size
[2025-12-09T11:01:42.279Z] STEP 7: Adding product to Bag
[2025-12-09T11:01:43.580Z] STEP 8: Opening Bag
[2025-12-09T11:01:44.702Z] STEP 9: Validating product in Bag
[2025-12-09T11:01:44.929Z] TEST COMPLETED SUCCESSFULLY 🎉
